\BOOKMARK [0][-]{section*.2}{\376\377\000R\000e\000s\000u\000m\000e\000n}{}% 1
\BOOKMARK [0][-]{section*.3}{\376\377\000A\000g\000r\000a\000d\000e\000c\000i\000m\000i\000e\000n\000t\000o\000s}{}% 2
\BOOKMARK [0][-]{chapter.5}{\376\377\000I\000n\000t\000r\000o\000d\000u\000c\000c\000i\000\363\000n}{}% 3
\BOOKMARK [1][-]{section.7}{\376\377\000D\000e\000s\000c\000r\000i\000p\000c\000i\000\363\000n\000\040\000d\000e\000\040\000l\000a\000\040\000p\000r\000o\000b\000l\000e\000m\000\341\000t\000i\000c\000a}{chapter.5}% 4
\BOOKMARK [1][-]{section.21}{\376\377\000P\000l\000a\000n\000t\000e\000a\000m\000i\000e\000n\000t\000o\000\040\000d\000e\000l\000\040\000P\000r\000o\000b\000l\000e\000m\000a\000\040\000d\000e\000\040\000i\000n\000v\000e\000s\000t\000i\000g\000a\000c\000i\000\363\000n}{chapter.5}% 5
\BOOKMARK [1][-]{section.22}{\376\377\000O\000b\000j\000e\000t\000i\000v\000o\000\040\000g\000e\000n\000e\000r\000a\000l}{chapter.5}% 6
\BOOKMARK [2][-]{subsection.23}{\376\377\000O\000b\000j\000e\000t\000i\000v\000o\000s\000\040\000e\000s\000p\000e\000c\000\355\000f\000i\000c\000o\000s}{section.22}% 7
\BOOKMARK [1][-]{section.30}{\376\377\000H\000i\000p\000\363\000t\000e\000s\000i\000s\000\040\000d\000e\000\040\000i\000n\000v\000e\000s\000t\000i\000g\000a\000c\000i\000\363\000n}{chapter.5}% 8
\BOOKMARK [1][-]{section.31}{\376\377\000J\000u\000s\000t\000i\000f\000i\000c\000a\000c\000i\000\363\000n}{chapter.5}% 9
\BOOKMARK [1][-]{section.32}{\376\377\000A\000l\000c\000a\000n\000c\000e\000s}{chapter.5}% 10
\BOOKMARK [1][-]{section.33}{\376\377\000L\000i\000m\000i\000t\000a\000c\000i\000o\000n\000e\000s}{chapter.5}% 11
\BOOKMARK [1][-]{section.34}{\376\377\000O\000r\000g\000a\000n\000i\000z\000a\000c\000i\000\363\000n\000\040\000d\000e\000l\000\040\000d\000o\000c\000u\000m\000e\000n\000t\000o}{chapter.5}% 12
\BOOKMARK [1][-]{section.35}{\376\377\000C\000o\000n\000c\000l\000u\000s\000i\000o\000n\000e\000s\000\040\000d\000e\000l\000\040\000c\000a\000p\000\355\000t\000u\000l\000o}{chapter.5}% 13
\BOOKMARK [0][-]{chapter.36}{\376\377\000O\000p\000t\000i\000m\000i\000z\000a\000c\000i\000\363\000n}{}% 14
\BOOKMARK [1][-]{section.41}{\376\377\000V\000a\000r\000i\000a\000b\000l\000e\000s\000\040\000d\000e\000\040\000d\000i\000s\000e\000\361\000o}{chapter.36}% 15
\BOOKMARK [1][-]{section.42}{\376\377\000F\000u\000n\000c\000i\000\363\000n\000\040\000O\000b\000j\000e\000t\000i\000v\000o}{chapter.36}% 16
\BOOKMARK [1][-]{section.43}{\376\377\000R\000e\000s\000t\000r\000i\000c\000c\000i\000o\000n\000e\000s\000\040\000d\000e\000\040\000D\000i\000s\000e\000\361\000o}{chapter.36}% 17
\BOOKMARK [1][-]{section.44}{\376\377\000\323\000p\000t\000i\000m\000o\000s\000\040\000l\000o\000c\000a\000l\000e\000s\000\040\000y\000\040\000g\000l\000o\000b\000a\000l\000e\000s}{chapter.36}% 18
\BOOKMARK [1][-]{section.51}{\376\377\000C\000l\000a\000s\000i\000f\000i\000c\000a\000c\000i\000\363\000n\000\040\000d\000e\000\040\000P\000r\000o\000b\000l\000e\000m\000a\000s\000\040\000d\000e\000\040\000O\000p\000t\000i\000m\000i\000z\000a\000c\000i\000\363\000n}{chapter.36}% 19
\BOOKMARK [2][-]{subsection.52}{\376\377\000C\000l\000a\000s\000i\000f\000i\000c\000a\000c\000i\000\363\000n\000\040\000b\000a\000s\000a\000d\000a\000\040\000e\000n\000\040\000l\000a\000\040\000e\000x\000i\000s\000t\000e\000n\000c\000i\000a\000\040\000d\000e\000\040\000r\000e\000s\000t\000r\000i\000c\000c\000i\000o\000n\000e\000s}{section.51}% 20
\BOOKMARK [2][-]{subsection.53}{\376\377\000C\000l\000a\000s\000i\000f\000i\000c\000a\000c\000i\000\363\000n\000\040\000b\000a\000s\000a\000d\000a\000\040\000e\000n\000\040\000l\000a\000\040\000n\000a\000t\000u\000r\000a\000l\000e\000z\000a\000\040\000d\000e\000\040\000l\000a\000s\000\040\000v\000a\000r\000i\000a\000b\000l\000e\000s\000\040\000d\000e\000\040\000d\000i\000s\000e\000\361\000o}{section.51}% 21
\BOOKMARK [2][-]{subsection.54}{\376\377\000C\000l\000a\000s\000i\000f\000i\000c\000a\000c\000i\000\363\000n\000\040\000b\000a\000s\000a\000d\000a\000\040\000e\000n\000\040\000l\000a\000\040\000e\000s\000t\000r\000u\000c\000t\000u\000r\000a\000\040\000f\000\355\000s\000i\000c\000a\000\040\000d\000e\000l\000\040\000p\000r\000o\000b\000l\000e\000m\000a}{section.51}% 22
\BOOKMARK [2][-]{subsection.55}{\376\377\000C\000l\000a\000s\000i\000f\000i\000c\000a\000c\000i\000\363\000n\000\040\000b\000a\000s\000a\000d\000a\000\040\000e\000n\000\040\000l\000a\000\040\000n\000a\000t\000u\000r\000a\000l\000e\000z\000a\000\040\000d\000e\000\040\000l\000a\000s\000\040\000e\000c\000u\000a\000c\000i\000o\000n\000e\000s\000\040\000i\000n\000v\000o\000l\000u\000c\000r\000a\000d\000a\000s}{section.51}% 23
\BOOKMARK [2][-]{subsection.56}{\376\377\000C\000l\000a\000s\000i\000f\000i\000c\000a\000c\000i\000\363\000n\000\040\000b\000a\000s\000a\000d\000a\000\040\000e\000n\000\040\000l\000o\000s\000\040\000v\000a\000l\000o\000r\000e\000s\000\040\000p\000e\000r\000m\000i\000s\000i\000b\000l\000e\000s\000\040\000d\000e\000\040\000l\000a\000s\000\040\000v\000a\000r\000i\000a\000b\000l\000e\000s\000\040\000d\000e\000\040\000d\000i\000s\000e\000\361\000o}{section.51}% 24
\BOOKMARK [2][-]{subsection.57}{\376\377\000C\000l\000a\000s\000i\000f\000i\000c\000a\000c\000i\000\363\000n\000\040\000b\000a\000s\000a\000d\000a\000\040\000e\000n\000\040\000l\000a\000\040\000n\000a\000t\000u\000r\000a\000l\000e\000z\000a\000\040\000d\000e\000t\000e\000r\000m\000i\000n\000i\000s\000t\000a\000\040\000d\000e\000\040\000l\000a\000s\000\040\000v\000a\000r\000i\000a\000b\000l\000e\000s}{section.51}% 25
\BOOKMARK [2][-]{subsection.58}{\376\377\000C\000l\000a\000s\000i\000f\000i\000c\000a\000c\000i\000\363\000n\000\040\000b\000a\000s\000a\000d\000a\000\040\000e\000n\000\040\000l\000a\000\040\000s\000e\000p\000a\000r\000a\000b\000i\000l\000i\000d\000a\000d\000\040\000d\000e\000\040\000l\000a\000s\000\040\000f\000u\000n\000c\000i\000o\000n\000e\000s}{section.51}% 26
\BOOKMARK [2][-]{subsection.59}{\376\377\000C\000l\000a\000s\000i\000f\000i\000c\000a\000c\000i\000\363\000n\000\040\000b\000a\000s\000a\000d\000a\000\040\000e\000n\000\040\000e\000l\000\040\000n\000\372\000m\000e\000r\000o\000\040\000d\000e\000\040\000f\000u\000n\000c\000i\000o\000n\000e\000s\000\040\000o\000b\000j\000e\000t\000i\000v\000o}{section.51}% 27
\BOOKMARK [1][-]{section.60}{\376\377\000C\000o\000n\000c\000l\000u\000s\000i\000o\000n\000e\000s\000\040\000d\000e\000l\000\040\000c\000a\000p\000\355\000t\000u\000l\000o}{chapter.36}% 28
\BOOKMARK [0][-]{chapter.61}{\376\377\000P\000r\000o\000g\000r\000a\000m\000a\000c\000i\000\363\000n\000\040\000M\000a\000t\000e\000m\000\341\000t\000i\000c\000a}{}% 29
\BOOKMARK [1][-]{section.62}{\376\377\000I\000n\000f\000o\000r\000m\000a\000c\000i\000\363\000n\000\040\000d\000e\000\040\000l\000a\000\040\000D\000e\000r\000i\000v\000a\000d\000a}{chapter.61}% 30
\BOOKMARK [1][-]{section.69}{\376\377\000I\000n\000f\000o\000r\000m\000a\000c\000i\000\363\000n\000\040\000d\000e\000l\000\040\000G\000r\000a\000d\000i\000e\000n\000t\000e}{chapter.61}% 31
\BOOKMARK [1][-]{section.76}{\376\377\000M\000\351\000t\000o\000d\000o\000s\000\040\000d\000e\000\040\000O\000p\000t\000i\000m\000i\000z\000a\000c\000i\000\363\000n\000\040\000U\000n\000i\000v\000a\000r\000i\000a\000b\000l\000e}{chapter.61}% 32
\BOOKMARK [2][-]{subsection.77}{\376\377\000M\000\351\000t\000o\000d\000o\000\040\000d\000e\000\040\000F\000i\000b\000o\000n\000a\000c\000c\000i\000\040}{section.76}% 33
\BOOKMARK [2][-]{subsection.83}{\376\377\000M\000\351\000t\000o\000d\000o\000\040\000d\000e\000\040\000l\000a\000\040\000S\000e\000c\000c\000i\000\363\000n\000\040\000D\000o\000r\000a\000d\000a}{section.76}% 34
\BOOKMARK [2][-]{subsection.87}{\376\377\000M\000\351\000t\000o\000d\000o\000\040\000d\000e\000\040\000N\000e\000w\000t\000o\000n\000-\000R\000a\000p\000s\000o\000n}{section.76}% 35
\BOOKMARK [1][-]{section.90}{\376\377\000M\000\351\000t\000o\000d\000o\000s\000\040\000d\000e\000\040\000o\000p\000t\000i\000m\000i\000z\000a\000c\000i\000\363\000n\000\040\000m\000u\000l\000t\000i\000v\000a\000r\000i\000a\000b\000l\000e}{chapter.61}% 36
\BOOKMARK [2][-]{subsection.91}{\376\377\000M\000\351\000t\000o\000d\000o\000\040\000d\000e\000l\000\040\000D\000e\000s\000c\000e\000n\000s\000o\000\040\000I\000n\000c\000l\000i\000n\000a\000d\000o}{section.90}% 37
\BOOKMARK [2][-]{subsection.99}{\376\377\000M\000\351\000t\000o\000d\000o\000\040\000d\000e\000\040\000N\000e\000w\000t\000o\000n}{section.90}% 38
\BOOKMARK [2][-]{subsection.103}{\376\377\000M\000\351\000t\000o\000d\000o\000\040\000N\000e\000l\000d\000e\000r\000-\000M\000e\000a\000d}{section.90}% 39
\BOOKMARK [2][-]{subsection.125}{\376\377\000M\000\351\000t\000o\000d\000o\000\040\000d\000e\000\040\000H\000o\000o\000k\000e\000-\000J\000e\000e\000v\000e\000s}{section.90}% 40
\BOOKMARK [1][-]{section.159}{\376\377\000T\000\351\000c\000n\000i\000c\000a\000s\000\040\000d\000e\000\040\000o\000p\000t\000i\000m\000i\000z\000a\000c\000i\000\363\000n\000\040\000c\000o\000n\000\040\000r\000e\000s\000t\000r\000i\000c\000c\000i\000o\000n\000e\000s}{chapter.61}% 41
\BOOKMARK [2][-]{subsection.160}{\376\377\000M\000\351\000t\000o\000d\000o\000\040\000d\000e\000\040\000M\000u\000l\000t\000i\000p\000l\000i\000c\000a\000d\000o\000r\000e\000s\000\040\000d\000e\000\040\000L\000a\000g\000r\000a\000n\000g\000e}{section.159}% 42
\BOOKMARK [2][-]{subsection.166}{\376\377\000C\000o\000n\000d\000i\000c\000i\000o\000n\000e\000s\000\040\000d\000e\000\040\000O\000p\000t\000i\000m\000a\000l\000i\000d\000a\000d\000\040\000e\000n\000\040\000p\000r\000o\000b\000l\000e\000m\000a\000s\000\040\000c\000o\000n\000\040\000r\000e\000s\000t\000r\000i\000c\000c\000i\000o\000n\000e\000s}{section.159}% 43
\BOOKMARK [2][-]{subsection.171}{\376\377\000M\000\351\000t\000o\000d\000o\000\040\000d\000e\000\040\000P\000e\000n\000a\000l\000i\000z\000a\000c\000i\000\363\000n\000\040\000d\000e\000\040\000R\000e\000s\000t\000r\000i\000c\000c\000i\000o\000n\000e\000s}{section.159}% 44
\BOOKMARK [2][-]{subsection.183}{\376\377\000P\000r\000o\000g\000r\000a\000m\000a\000c\000i\000\363\000n\000\040\000C\000u\000a\000d\000r\000\341\000t\000i\000c\000a\000\040\000S\000e\000c\000u\000e\000n\000c\000i\000a\000l}{section.159}% 45
\BOOKMARK [1][-]{section.187}{\376\377\000C\000o\000n\000c\000l\000u\000s\000i\000o\000n\000e\000s\000\040\000d\000e\000l\000\040\000c\000a\000p\000\355\000t\000u\000l\000o}{chapter.61}% 46
\BOOKMARK [0][-]{chapter.188}{\376\377\000C\000o\000m\000p\000u\000t\000a\000c\000i\000\363\000n\000\040\000E\000v\000o\000l\000u\000t\000i\000v\000a}{}% 47
\BOOKMARK [1][-]{section.193}{\376\377\000R\000e\000p\000r\000e\000s\000e\000n\000t\000a\000c\000i\000\363\000n}{chapter.188}% 48
\BOOKMARK [1][-]{section.199}{\376\377\000F\000u\000n\000c\000i\000\363\000n\000\040\000d\000e\000\040\000a\000p\000t\000i\000t\000u\000d}{chapter.188}% 49
\BOOKMARK [1][-]{section.200}{\376\377\000S\000e\000l\000e\000c\000c\000i\000\363\000n}{chapter.188}% 50
\BOOKMARK [1][-]{section.202}{\376\377\000R\000e\000p\000r\000o\000d\000u\000c\000c\000i\000\363\000n}{chapter.188}% 51
\BOOKMARK [1][-]{section.207}{\376\377\000P\000a\000r\000a\000d\000i\000g\000m\000a\000s\000\040\000d\000e\000\040\000l\000a\000\040\000C\000o\000m\000p\000u\000t\000a\000c\000i\000\363\000n\000\040\000E\000v\000o\000l\000u\000t\000i\000v\000a}{chapter.188}% 52
\BOOKMARK [2][-]{subsection.208}{\376\377\000P\000r\000o\000g\000r\000a\000m\000a\000c\000i\000\363\000n\000\040\000E\000v\000o\000l\000u\000t\000i\000v\000a}{section.207}% 53
\BOOKMARK [2][-]{subsection.209}{\376\377\000E\000s\000t\000r\000a\000t\000e\000g\000i\000a\000\040\000e\000v\000o\000l\000u\000t\000i\000v\000a\000s}{section.207}% 54
\BOOKMARK [2][-]{subsection.215}{\376\377\000A\000l\000g\000o\000r\000i\000t\000m\000o\000s\000\040\000G\000e\000n\000\351\000t\000i\000c\000o\000s}{section.207}% 55
\BOOKMARK [1][-]{section.216}{\376\377\000E\000v\000o\000l\000u\000c\000i\000\363\000n\000\040\000D\000i\000f\000e\000r\000e\000n\000c\000i\000a\000l}{chapter.188}% 56
\BOOKMARK [1][-]{section.240}{\376\377\000C\000o\000n\000c\000l\000u\000s\000i\000o\000n\000e\000s\000\040\000d\000e\000l\000\040\000c\000a\000p\000\355\000t\000u\000l\000o}{chapter.188}% 57
\BOOKMARK [0][-]{chapter.241}{\376\377\000P\000r\000o\000b\000l\000e\000m\000a\000s\000\040\000d\000e\000\040\000O\000p\000t\000i\000m\000i\000z\000a\000c\000i\000\363\000n\000\040\000d\000e\000\040\000D\000i\000s\000e\000\361\000o\000\040\000d\000e\000\040\000M\000e\000c\000a\000t\000r\000\363\000n\000i\000c\000o}{}% 58
\BOOKMARK [1][-]{section.246}{\376\377\000D\000i\000s\000e\000\361\000o\000\040\000c\000i\000n\000e\000m\000\341\000t\000i\000c\000o\000\040\000d\000e\000\040\000M\000e\000c\000a\000n\000i\000s\000m\000o\000s}{chapter.241}% 59
\BOOKMARK [2][-]{subsection.247}{\376\377\000A\000n\000\341\000l\000i\000s\000i\000s\000\040\000c\000i\000n\000e\000m\000\341\000t\000i\000c\000o\000\040\000d\000e\000\040\000u\000n\000\040\000M\000e\000c\000a\000n\000i\000s\000m\000o\000\040\000d\000e\000\040\000C\000u\000a\000t\000r\000o\000\040\000B\000a\000r\000r\000a\000s}{section.246}% 60
\BOOKMARK [2][-]{subsection.265}{\376\377\000P\000l\000a\000n\000t\000e\000a\000m\000i\000e\000n\000t\000o\000\040\000d\000e\000l\000\040\000P\000r\000o\000b\000l\000e\000m\000a\000\040\000d\000e\000\040\000O\000p\000t\000i\000m\000i\000z\000a\000c\000i\000\363\000n\000\040\000p\000a\000r\000a\000\040\000c\000a\000s\000o\000s\000\040\000d\000e\000\040\000e\000s\000t\000u\000d\000i\000o\000\040\000d\000e\000l\000\040\000M\000e\000c\000a\000n\000i\000s\000m\000o\000\040\000d\000e\000\040\000C\000u\000a\000t\000r\000o\000\040\000B\000a\000r\000r\000a\000s}{section.246}% 61
\BOOKMARK [3][-]{section*.266}{\376\377\000F\000u\000n\000c\000i\000\363\000n\000\040\000O\000b\000j\000e\000t\000i\000v\000o}{subsection.265}% 62
\BOOKMARK [3][-]{section*.271}{\376\377\000R\000e\000s\000t\000r\000i\000c\000c\000i\000o\000n\000e\000s\000\040\000d\000e\000\040\000d\000i\000s\000e\000\361\000o}{subsection.265}% 63
\BOOKMARK [2][-]{subsection.276}{\376\377\000C\000a\000s\000o\000\040\000d\000e\000\040\000e\000s\000t\000u\000d\000i\000o\000\040\0001\000:\000\040\000s\000e\000g\000u\000i\000m\000i\000e\000n\000t\000o\000\040\000d\000e\000\040\000u\000n\000a\000\040\000t\000r\000a\000y\000e\000c\000t\000o\000r\000i\000a\000\040\000l\000i\000n\000e\000a\000l\000\040\000v\000e\000r\000t\000i\000c\000a\000l\000,\000\040\000s\000i\000n\000\040\000s\000i\000n\000c\000r\000o\000n\000i\000z\000a\000c\000i\000\363\000n\000\040\000p\000r\000e\000v\000i\000a\000\040\000-\000\040\000M\000C\000E\0001}{section.246}% 64
\BOOKMARK [2][-]{subsection.282}{\376\377\000C\000a\000s\000o\000\040\000d\000e\000\040\000e\000s\000t\000u\000d\000i\000o\000\040\0002\000:\000\040\000s\000e\000g\000u\000i\000m\000i\000e\000n\000t\000o\000\040\000d\000e\000\040\000u\000n\000a\000\040\000t\000r\000a\000y\000e\000c\000t\000o\000r\000i\000a\000\040\000n\000o\000\040\000a\000l\000i\000n\000e\000a\000d\000a\000,\000\040\000c\000o\000n\000\040\000s\000i\000n\000c\000r\000o\000n\000i\000z\000a\000c\000i\000o\000n\000\040\000p\000r\000e\000v\000i\000a\000\040\000-\000\040\000M\000C\000E\0002}{section.246}% 65
\BOOKMARK [2][-]{subsection.289}{\376\377\000C\000a\000s\000o\000\040\000d\000e\000\040\000e\000s\000t\000u\000d\000i\000o\000\040\0003\000:\000\040\000g\000e\000n\000e\000r\000a\000c\000i\000\363\000n\000\040\000d\000e\000\040\000m\000o\000v\000i\000m\000i\000e\000n\000t\000o\000\040\000d\000e\000l\000i\000m\000i\000t\000a\000d\000o\000\040\000p\000o\000r\000\040\000u\000n\000\040\000c\000o\000n\000j\000u\000n\000t\000o\000\040\000d\000e\000\040\000p\000a\000r\000e\000s\000\040\000d\000e\000\040\000p\000u\000n\000t\000o\000s\000\040\000-\000\040\000M\000C\000E\0003}{section.246}% 66
\BOOKMARK [2][-]{subsection.295}{\376\377\000D\000i\000s\000e\000\361\000o\000\040\000d\000e\000\040\000u\000n\000\040\000E\000f\000e\000c\000t\000o\000r\000\040\000F\000i\000n\000a\000l\000\040\000d\000e\000\040\000T\000r\000e\000s\000\040\000D\000e\000d\000o\000s}{section.246}% 67
\BOOKMARK [2][-]{subsection.297}{\376\377\000C\000i\000n\000e\000m\000\341\000t\000i\000c\000a\000\040\000d\000e\000l\000\040\000E\000f\000e\000c\000t\000o\000r\000\040\000F\000i\000n\000a\000l\000\040\000d\000e\000\040\000T\000r\000e\000s\000\040\000D\000e\000d\000o\000s\000\040}{section.246}% 68
\BOOKMARK [2][-]{subsection.338}{\376\377\000D\000e\000c\000l\000a\000r\000a\000c\000i\000\363\000n\000\040\000d\000e\000\040\000P\000r\000o\000b\000l\000e\000m\000a\000s\000\040\000d\000e\000\040\000O\000p\000t\000i\000m\000i\000z\000a\000c\000i\000\363\000n\000\040\000p\000a\000r\000a\000\040\000C\000a\000s\000o\000s\000\040\000d\000e\000\040\000E\000s\000t\000u\000d\000i\000o\000\040\000d\000e\000l\000\040\000E\000f\000e\000c\000t\000o\000r}{section.246}% 69
\BOOKMARK [3][-]{section*.341}{\376\377\000F\000u\000n\000c\000i\000\363\000n\000\040\000o\000b\000j\000e\000t\000i\000v\000o}{subsection.338}% 70
\BOOKMARK [3][-]{section*.343}{\376\377\000R\000e\000s\000t\000r\000i\000c\000c\000i\000o\000n\000e\000s\000\040\000d\000e\000\040\000d\000i\000s\000e\000\361\000o}{subsection.338}% 71
\BOOKMARK [2][-]{subsection.350}{\376\377\000C\000a\000s\000o\000\040\000d\000e\000\040\000e\000s\000t\000u\000d\000i\000o\000\040\0001\000:\000\040\000D\000i\000s\000e\000\361\000o\000\040\000s\000i\000n\000\040\000n\000o\000r\000m\000a\000l\000i\000z\000a\000c\000i\000\363\000n\000\040\000d\000e\000\040\000b\000a\000r\000r\000a\000s\000\040\000-\000G\000C\000E\0001}{section.246}% 72
\BOOKMARK [2][-]{subsection.354}{\376\377\000C\000a\000s\000o\000\040\000d\000e\000\040\000e\000s\000t\000u\000d\000i\000o\000\040\0002\000:\000\040\000D\000i\000s\000e\000\361\000o\000\040\000c\000o\000n\000\040\000n\000o\000r\000m\000a\000l\000i\000z\000a\000c\000i\000\363\000n\000\040\000d\000e\000\040\000b\000a\000r\000r\000a\000s\000\040\000-\000\040\000G\000C\000E\0002}{section.246}% 73
\BOOKMARK [1][-]{section.359}{\376\377\000G\000e\000s\000t\000i\000\363\000n\000\040\000d\000e\000\040\000G\000e\000n\000e\000r\000a\000c\000i\000\363\000n\000\040\000d\000e\000\040\000E\000n\000e\000r\000g\000\355\000a\000\040\000e\000n\000\040\000u\000n\000a\000\040\000M\000i\000c\000r\000o\000r\000r\000e\000d\000\040\000E\000l\000\351\000c\000t\000r\000i\000c\000a}{chapter.241}% 74
\BOOKMARK [2][-]{subsection.360}{\376\377\000O\000p\000t\000i\000m\000i\000z\000a\000c\000i\000\363\000n\000\040\000d\000e\000l\000\040\000c\000o\000s\000t\000o\000\040\000d\000e\000\040\000l\000a\000\040\000g\000e\000n\000e\000r\000a\000c\000i\000\363\000n\000\040\000d\000e\000\040\000e\000n\000e\000r\000g\000\355\000a\000\040\000e\000n\000\040\000u\000n\000a\000\040\000M\000i\000c\000r\000o\000r\000r\000e\000d\000\040\000E\000l\000\351\000c\000t\000r\000i\000c\000a\000\040\000N\000o\000\040\000I\000n\000t\000e\000r\000c\000o\000n\000e\000c\000t\000a\000b\000l\000e\000\040\000-\000\040\000S\000C\000E\0001}{section.359}% 75
\BOOKMARK [3][-]{section*.364}{\376\377\000C\000o\000s\000t\000o\000\040\000d\000e\000\040\000G\000e\000n\000e\000r\000a\000c\000i\000\363\000n\000\040\000D\000i\000\351\000s\000e\000l}{subsection.360}% 76
\BOOKMARK [3][-]{section*.367}{\376\377\000C\000o\000s\000t\000o\000\040\000d\000e\000\040\000G\000e\000n\000e\000r\000a\000c\000i\000\363\000n\000\040\000S\000o\000l\000a\000r\000\040\000F\000o\000t\000o\000v\000o\000l\000t\000a\000i\000c\000a}{subsection.360}% 77
\BOOKMARK [3][-]{section*.371}{\376\377\000C\000o\000s\000t\000o\000\040\000d\000e\000\040\000G\000e\000n\000e\000r\000a\000c\000i\000\363\000n\000\040\000d\000e\000\040\000E\000n\000e\000r\000g\000\355\000a\000\040\000E\000\363\000l\000i\000c\000a}{subsection.360}% 78
\BOOKMARK [3][-]{section*.373}{\376\377\000C\000o\000s\000t\000o\000\040\000d\000e\000\040\000S\000i\000s\000t\000e\000m\000a\000\040\000d\000e\000\040\000A\000l\000m\000a\000c\000e\000n\000a\000m\000i\000e\000n\000t\000o\000\040\000d\000e\000\040\000E\000n\000e\000r\000g\000\355\000a}{subsection.360}% 79
\BOOKMARK [2][-]{subsection.375}{\376\377\000P\000l\000a\000n\000t\000e\000a\000m\000i\000e\000n\000t\000o\000\040\000d\000e\000l\000\040\000P\000r\000o\000b\000l\000e\000m\000a\000\040\000d\000e\000\040\000O\000p\000t\000i\000m\000i\000z\000a\000c\000i\000\363\000n}{section.359}% 80
\BOOKMARK [3][-]{section*.380}{\376\377\000R\000e\000s\000t\000r\000i\000c\000c\000i\000o\000n\000e\000s\000\040\000d\000e\000\040\000D\000i\000s\000e\000\361\000o}{subsection.375}% 81
\BOOKMARK [1][-]{section.389}{\376\377\000C\000o\000n\000c\000l\000u\000s\000i\000o\000n\000e\000s}{chapter.241}% 82
\BOOKMARK [0][-]{chapter.390}{\376\377\000H\000i\000b\000r\000i\000d\000a\000c\000i\000\363\000n\000\040\000d\000e\000\040\000M\000\351\000t\000o\000d\000o\000s\000\040\000d\000e\000\040\000P\000r\000o\000g\000r\000a\000m\000a\000c\000i\000\363\000n\000\040\000M\000a\000t\000e\000m\000\341\000t\000i\000c\000a\000\040\000c\000o\000n\000\040\000A\000l\000g\000o\000r\000i\000t\000m\000o\000s\000\040\000E\000v\000o\000l\000u\000t\000i\000v\000o\000s}{}% 83
\BOOKMARK [1][-]{section.402}{\376\377\000H\000i\000b\000r\000i\000d\000a\000c\000i\000\363\000n\000\040\000d\000e\000l\000\040\000A\000l\000g\000o\000r\000i\000t\000m\000o\000\040\000E\000v\000o\000l\000u\000c\000i\000\363\000n\000\040\000D\000i\000f\000e\000r\000e\000n\000c\000i\000a\000l\000\040\000c\000o\000n\000\040\000M\000\351\000t\000o\000d\000o\000s\000\040\000d\000e\000\040\000B\000\372\000s\000q\000u\000e\000d\000a\000\040\000L\000o\000c\000a\000l}{chapter.390}% 84
\BOOKMARK [1][-]{section.403}{\376\377\000E\000n\000f\000o\000q\000u\000e\000\040\000p\000r\000o\000p\000u\000e\000s\000t\000o}{chapter.390}% 85
\BOOKMARK [2][-]{subsection.411}{\376\377\000M\000\351\000t\000o\000d\000o\000\040\000d\000e\000\040\000N\000e\000l\000d\000e\000r\000\040\000M\000e\000a\000d\000\040\000c\000o\000n\000\040\000E\000x\000p\000a\000n\000s\000i\000\363\000n\000\040\000d\000e\000\040\000L\000o\000n\000g\000i\000t\000u\000d\000\040\000A\000l\000e\000a\000t\000o\000r\000i\000a\000:\000\040\000N\000M\000E\000L\000A}{section.403}% 86
\BOOKMARK [3][-]{section*.412}{\376\377\000O\000p\000e\000r\000a\000d\000o\000r\000\040\000d\000e\000\040\000E\000x\000p\000a\000n\000s\000i\000\363\000n\000\040\000c\000o\000n\000\040\000L\000o\000n\000g\000i\000t\000u\000d\000\040\000A\000l\000e\000a\000t\000o\000r\000i\000a}{subsection.411}% 87
\BOOKMARK [3][-]{section*.448}{\376\377\000O\000p\000e\000r\000a\000d\000o\000r\000\040\000d\000e\000\040\000E\000x\000p\000a\000n\000s\000i\000\363\000n\000\040\000I\000n\000v\000e\000r\000s\000a\000\040\000c\000o\000n\000\040\000L\000o\000n\000g\000i\000t\000u\000d\000\040\000A\000l\000e\000a\000t\000o\000r\000i\000a\000\040}{subsection.411}% 88
\BOOKMARK [3][-]{section*.481}{\376\377\000C\000o\000m\000b\000i\000n\000a\000c\000i\000\363\000n\000\040\000d\000e\000\040\000l\000o\000s\000\040\000o\000p\000e\000r\000a\000d\000o\000r\000e\000s}{subsection.411}% 89
\BOOKMARK [2][-]{subsection.516}{\376\377\000O\000b\000s\000e\000r\000v\000a\000c\000i\000o\000n\000e\000s\000\040\000P\000r\000e\000l\000i\000m\000i\000n\000a\000r\000e\000s}{section.403}% 90
\BOOKMARK [2][-]{subsection.517}{\376\377\000A\000l\000g\000o\000r\000i\000t\000m\000o\000\040\000H\000\355\000b\000r\000i\000d\000o\000\040\000b\000a\000s\000a\000d\000o\000\040\000e\000n\000\040\000e\000l\000\040\000M\000\351\000t\000o\000d\000o\000\040\000N\000e\000l\000d\000e\000r\000\040\000M\000e\000a\000d\000\040\000c\000o\000n\000\040\000E\000v\000o\000l\000u\000c\000i\000\363\000n\000\040\000D\000i\000f\000e\000r\000e\000n\000c\000i\000a\000l\000:\000\040\000H\000N\000M\000E\000D\000.\000\040\000V\000a\000r\000i\000a\000n\000t\000e\000\040\000I}{section.403}% 91
\BOOKMARK [3][-]{section*.566}{\376\377\000H\000N\000M\000E\000D\000.\000\040\000V\000a\000r\000i\000a\000n\000t\000e\000s\000\040\000I\000I\000\040\000y\000\040\000I\000I\000I}{subsection.517}% 92
\BOOKMARK [3][-]{section*.569}{\376\377\000H\000N\000M\000E\000D\000.\000\040\000V\000a\000r\000i\000a\000n\000t\000e\000s\000\040\000I\000V\000\040\000y\000\040\000V\000\040}{subsection.517}% 93
\BOOKMARK [3][-]{section*.572}{\376\377\000H\000N\000M\000E\000D\000.\000\040\000V\000a\000r\000i\000a\000n\000t\000e\000\040\000V\000I}{subsection.517}% 94
\BOOKMARK [1][-]{section.628}{\376\377\000C\000o\000n\000c\000l\000u\000s\000i\000o\000n\000e\000s\000\040\000d\000e\000l\000\040\000c\000a\000p\000\355\000t\000u\000l\000o}{chapter.390}% 95
\BOOKMARK [0][-]{chapter.629}{\376\377\000E\000x\000p\000e\000r\000i\000m\000e\000n\000t\000o\000s\000\040\000y\000\040\000R\000e\000s\000u\000l\000t\000a\000d\000o\000s}{}% 96
\BOOKMARK [1][-]{section.633}{\376\377\000D\000i\000s\000e\000\361\000o\000\040\000E\000x\000p\000e\000r\000i\000m\000e\000n\000t\000a\000l}{chapter.629}% 97
\BOOKMARK [1][-]{section.648}{\376\377\000E\000s\000t\000a\000d\000\355\000s\000t\000i\000c\000a\000\040\000i\000n\000f\000e\000r\000e\000n\000c\000i\000a\000l\000:\000\040\000P\000r\000u\000e\000b\000a\000s\000\040\000e\000s\000t\000a\000d\000\355\000s\000t\000i\000c\000a\000s\000\040\000n\000o\000\040\000p\000a\000r\000a\000m\000\351\000t\000r\000i\000c\000a\000s}{chapter.629}% 98
\BOOKMARK [2][-]{subsection.650}{\376\377\000P\000r\000u\000e\000b\000a\000\040\000d\000e\000\040\000s\000u\000m\000a\000\040\000d\000e\000\040\000j\000e\000r\000a\000r\000q\000u\000\355\000a\000s\000\040\000d\000e\000\040\000W\000i\000l\000c\000o\000x\000o\000n}{section.648}% 99
\BOOKMARK [2][-]{subsection.659}{\376\377\000P\000r\000u\000e\000b\000a\000s\000\040\000d\000e\000\040\000F\000r\000i\000e\000d\000m\000a\000n}{section.648}% 100
\BOOKMARK [2][-]{subsection.667}{\376\377\000P\000r\000u\000e\000b\000a\000s\000\040\000P\000o\000s\000t\000-\000h\000o\000c\000:\000\040\000B\000o\000n\000f\000e\000r\000r\000o\000n\000i\000-\000D\000u\000n\000n}{section.648}% 101
\BOOKMARK [1][-]{section.670}{\376\377\000E\000x\000p\000e\000r\000i\000m\000e\000n\000t\000o\000s\000\040\000p\000r\000e\000l\000i\000m\000i\000n\000a\000r\000e\000s}{chapter.629}% 102
\BOOKMARK [2][-]{subsection.674}{\376\377\000E\000x\000p\000e\000r\000i\000m\000e\000n\000t\000o\000\040\000A\000:\000\040\000P\000r\000u\000e\000b\000a\000s\000\040\000d\000e\000\040\000e\000s\000t\000a\000d\000\355\000s\000t\000i\000c\000a\000s\000\040\000s\000o\000b\000r\000e\000\040\000e\000l\000\040\000M\000\351\000t\000o\000d\000o\000\040\000N\000e\000l\000d\000e\000r\000\040\000M\000e\000a\000d\000\040\000c\000o\000n\000\040\000E\000x\000p\000a\000n\000s\000i\000\363\000n\000\040\000d\000e\000\040\000L\000o\000n\000g\000i\000t\000u\000d\000\040\000A\000l\000e\000a\000t\000o\000r\000i\000a}{section.670}% 103
\BOOKMARK [3][-]{section*.677}{\376\377\000D\000e\000f\000i\000n\000i\000c\000i\000\363\000n\000\040\000d\000e\000\040\000m\000e\000d\000i\000d\000a\000s}{subsection.674}% 104
\BOOKMARK [3][-]{section*.685}{\376\377\000P\000l\000a\000n\000i\000f\000i\000c\000a\000c\000i\000\363\000n\000\040\000p\000r\000e\000-\000e\000x\000p\000e\000r\000i\000m\000e\000n\000t\000a\000l\000\040\000y\000\040\000c\000o\000n\000f\000i\000g\000u\000r\000a\000c\000i\000\363\000n}{subsection.674}% 105
\BOOKMARK [3][-]{section*.689}{\376\377\000P\000r\000e\000s\000e\000n\000t\000a\000c\000i\000\363\000n\000\040\000d\000e\000\040\000r\000e\000s\000u\000l\000t\000a\000d\000o\000s}{subsection.674}% 106
\BOOKMARK [3][-]{section*.692}{\376\377\000O\000b\000s\000e\000r\000v\000a\000c\000i\000o\000n\000e\000s}{subsection.674}% 107
\BOOKMARK [2][-]{subsection.693}{\376\377\000E\000x\000p\000e\000r\000i\000m\000e\000n\000t\000o\000\040\000B\000:\000\040\000C\000o\000m\000p\000a\000r\000a\000c\000i\000\363\000n\000\040\000d\000e\000\040\000d\000e\000s\000e\000m\000p\000e\000\361\000o\000\040\000e\000n\000t\000r\000e\000\040\000V\000a\000r\000i\000a\000n\000t\000e\000s\000\040\000H\000N\000M\000E\000D\000\040\000v\000s\000\040\000E\000D\000/\000r\000a\000n\000d\000/\0001\000/\000b\000i\000n}{section.670}% 108
\BOOKMARK [3][-]{section*.699}{\376\377\000D\000e\000f\000i\000n\000i\000c\000i\000\363\000n\000\040\000d\000e\000\040\000m\000e\000d\000i\000d\000a\000s}{subsection.693}% 109
\BOOKMARK [3][-]{section*.708}{\376\377\000P\000l\000a\000n\000i\000f\000i\000c\000a\000c\000i\000\363\000n\000\040\000p\000r\000e\000-\000e\000x\000p\000e\000r\000i\000m\000e\000n\000t\000a\000l\000\040\000y\000\040\000c\000o\000n\000f\000i\000g\000u\000r\000a\000c\000i\000\363\000n}{subsection.693}% 110
\BOOKMARK [3][-]{section*.715}{\376\377\000P\000r\000e\000s\000e\000n\000t\000a\000c\000i\000\363\000n\000\040\000d\000e\000\040\000r\000e\000s\000u\000l\000t\000a\000d\000o\000s}{subsection.693}% 111
\BOOKMARK [3][-]{section*.720}{\376\377\000O\000b\000s\000e\000r\000v\000a\000c\000i\000o\000n\000e\000s}{subsection.693}% 112
\BOOKMARK [2][-]{subsection.733}{\376\377\000E\000x\000p\000e\000r\000i\000m\000e\000n\000t\000o\000s\000\040\000C\000\040\000:\000\040\000C\000o\000m\000p\000a\000r\000a\000c\000i\000\363\000n\000\040\000d\000e\000\040\000V\000a\000r\000i\000a\000n\000t\000e\000s\000\040\000H\000N\000M\000E\000D\000\040\000v\000s\000\040\000E\000D\000\040\000c\000o\000n\000\040\000r\000e\000d\000u\000c\000c\000i\000\363\000n\000\040\000d\000e\000l\000\040\000n\000\372\000m\000e\000r\000o\000\040\000d\000e\000\040\000e\000v\000a\000l\000u\000a\000c\000i\000o\000n\000e\000s}{section.670}% 113
\BOOKMARK [3][-]{section*.734}{\376\377\000D\000e\000f\000i\000n\000i\000c\000i\000\363\000n\000\040\000d\000e\000\040\000m\000e\000d\000i\000d\000a\000s}{subsection.733}% 114
\BOOKMARK [3][-]{section*.739}{\376\377\000P\000l\000a\000n\000i\000f\000i\000c\000a\000c\000i\000\363\000n\000\040\000p\000r\000e\000-\000e\000x\000p\000e\000r\000i\000m\000e\000n\000t\000a\000l\000\040\000y\000\040\000c\000o\000n\000f\000i\000g\000u\000r\000a\000c\000i\000\363\000n}{subsection.733}% 115
\BOOKMARK [3][-]{section*.746}{\376\377\000P\000r\000e\000s\000e\000n\000t\000a\000c\000i\000\363\000n\000\040\000d\000e\000\040\000r\000e\000s\000u\000l\000t\000a\000d\000o\000s}{subsection.733}% 116
\BOOKMARK [3][-]{section*.751}{\376\377\000O\000b\000s\000e\000r\000v\000a\000c\000i\000o\000n\000e\000s}{subsection.733}% 117
\BOOKMARK [1][-]{section.755}{\376\377\000E\000x\000p\000e\000r\000i\000m\000e\000n\000t\000o\000s\000\040\000f\000i\000n\000a\000l\000e\000s}{chapter.629}% 118
\BOOKMARK [2][-]{subsection.756}{\376\377\000E\000x\000p\000e\000r\000i\000m\000e\000n\000t\000o\000s\000\040\000D\000\040\000y\000\040\000E\000\040\000:\000\040\000C\000o\000m\000p\000a\000r\000a\000c\000i\000\363\000n\000\040\000d\000e\000\040\000V\000a\000r\000i\000a\000n\000t\000e\000s\000\040\000H\000N\000M\000E\000D\000-\000V\0005\000\040\000y\000\040\000H\000N\000M\000E\000D\000-\000V\0006\000\040\000c\000o\000n\000\040\000A\000l\000g\000o\000r\000i\000t\000m\000o\000\040\000C\000-\000L\000S\000H\000A\000D\000E}{section.755}% 119
\BOOKMARK [3][-]{section*.757}{\376\377\000D\000e\000f\000i\000n\000i\000c\000i\000\363\000n\000\040\000d\000e\000\040\000m\000e\000d\000i\000d\000a\000s}{subsection.756}% 120
\BOOKMARK [3][-]{section*.761}{\376\377\000P\000l\000a\000n\000i\000f\000i\000c\000a\000c\000i\000\363\000n\000\040\000p\000r\000e\000-\000e\000x\000p\000e\000r\000i\000m\000e\000n\000t\000a\000l\000\040\000y\000\040\000c\000o\000n\000f\000i\000g\000u\000r\000a\000c\000i\000\363\000n}{subsection.756}% 121
\BOOKMARK [3][-]{section*.768}{\376\377\000R\000e\000s\000u\000l\000t\000a\000d\000o\000s\000\040\000d\000e\000l\000\040\000E\000x\000p\000e\000r\000i\000m\000e\000n\000t\000o\000\040\000D}{subsection.756}% 122
\BOOKMARK [3][-]{section*.772}{\376\377\000R\000e\000s\000u\000l\000t\000a\000d\000o\000s\000\040\000d\000e\000l\000\040\000E\000x\000p\000e\000r\000i\000m\000e\000n\000t\000o\000\040\000E}{subsection.756}% 123
\BOOKMARK [3][-]{section*.777}{\376\377\000O\000b\000s\000e\000r\000v\000a\000c\000i\000o\000n\000e\000s\000\040\000F\000i\000n\000a\000l\000e\000s}{subsection.756}% 124
\BOOKMARK [1][-]{section.782}{\376\377\000V\000i\000s\000u\000a\000l\000i\000z\000a\000c\000i\000\363\000n\000\040\000d\000e\000\040\000R\000e\000s\000u\000l\000t\000a\000d\000o\000s}{chapter.629}% 125
\BOOKMARK [2][-]{subsection.783}{\376\377\000M\000e\000c\000a\000n\000i\000s\000m\000o\000\040\000d\000e\000\040\000C\000u\000a\000t\000r\000o\000\040\000B\000a\000r\000r\000a\000s}{section.782}% 126
\BOOKMARK [2][-]{subsection.786}{\376\377\000E\000f\000e\000c\000t\000o\000r\000\040\000F\000i\000n\000a\000l\000\040\000d\000e\000\040\000T\000r\000e\000s\000\040\000D\000e\000d\000o\000s}{section.782}% 127
\BOOKMARK [2][-]{subsection.789}{\376\377\000M\000i\000c\000r\000o\000r\000r\000e\000d\000\040\000A\000i\000s\000l\000a\000d\000a}{section.782}% 128
\BOOKMARK [1][-]{section.792}{\376\377\000C\000o\000n\000c\000l\000u\000s\000i\000o\000n\000e\000s\000\040\000d\000e\000l\000\040\000c\000a\000p\000\355\000t\000u\000l\000o}{chapter.629}% 129
\BOOKMARK [0][-]{chapter.793}{\376\377\000C\000o\000n\000c\000l\000u\000s\000i\000o\000n\000e\000s\000\040\000y\000\040\000t\000r\000a\000b\000a\000j\000o\000s\000\040\000f\000u\000t\000u\000r\000o\000s}{}% 130
\BOOKMARK [1][-]{section.794}{\376\377\000O\000b\000s\000e\000r\000v\000a\000c\000i\000o\000n\000e\000s\000\040\000F\000i\000n\000a\000l\000e\000s}{chapter.793}% 131
\BOOKMARK [1][-]{section.802}{\376\377\000O\000b\000j\000e\000t\000i\000v\000o\000s\000\040\000c\000u\000m\000p\000l\000i\000d\000o\000s}{chapter.793}% 132
\BOOKMARK [1][-]{section.809}{\376\377\000C\000o\000n\000t\000r\000i\000b\000u\000c\000i\000o\000n\000e\000s}{chapter.793}% 133
\BOOKMARK [1][-]{section.810}{\376\377\000T\000r\000a\000b\000a\000j\000o\000\040\000F\000u\000t\000u\000r\000o}{chapter.793}% 134
\BOOKMARK [0][-]{chapter.818}{\376\377\000I\000m\000p\000l\000e\000m\000e\000n\000t\000a\000c\000i\000\363\000n\000\040\000d\000e\000\040\000v\000a\000r\000i\000a\000n\000t\000e\000s\000\040\000d\000e\000\040\000H\000N\000M\000E\000D\000\040\000e\000n\000\040\000M\000a\000t\000l\000a\000b}{}% 135
\BOOKMARK [1][-]{section.819}{\376\377\000C\000o\000d\000i\000f\000i\000c\000a\000c\000i\000\363\000n\000\040\000d\000e\000\040\000H\000N\000M\000E\000D\000-\000V\0005\000\040}{chapter.818}% 136
\BOOKMARK [1][-]{section.941}{\376\377\000C\000o\000d\000i\000f\000i\000c\000a\000c\000i\000\363\000n\000\040\000d\000e\000\040\000H\000N\000M\000E\000D\000-\000V\0006\000\040}{chapter.818}% 137
\BOOKMARK [1][-]{section.1075}{\376\377\000C\000o\000d\000i\000f\000i\000c\000a\000c\000i\000\363\000n\000\040\000d\000e\000\040\000l\000a\000s\000\040\000r\000e\000g\000l\000a\000s\000\040\000d\000e\000\040\000D\000e\000b}{chapter.818}% 138
\BOOKMARK [1][-]{section.1102}{\376\377\000C\000o\000d\000i\000f\000i\000c\000a\000c\000i\000\363\000n\000\040\000d\000e\000\040\000l\000a\000\040\000E\000s\000t\000r\000a\000t\000e\000g\000i\000a\000\040\000d\000e\000\040\000I\000n\000i\000c\000i\000a\000l\000i\000z\000a\000c\000i\000\363\000n\000\040\000d\000e\000\040\000l\000o\000s\000\040\000S\000\355\000m\000p\000l\000e\000c\000e\000s\000s}{chapter.818}% 139
\BOOKMARK [0][-]{lstnumber.1154}{\376\377\000R\000e\000f\000e\000r\000e\000n\000c\000i\000a\000s}{}% 140
